[  0%] Built target sensor_msgs_generate_messages_cpp
Traceback (most recent call last):
  File "/opt/ros/melodic/share/genmsg/cmake/../../../lib/genmsg/genmsg_check_deps.py", line 41, in <module>
    from genmsg import EXT_MSG, EXT_SRV, MsgContext
ModuleNotFoundError: No module named 'genmsg'
CMakeFiles/_vision_msgs_generate_messages_check_deps_ObjectHypothesisWithPose.dir/build.make:57: recipe for target 'CMakeFiles/_vision_msgs_generate_messages_check_deps_ObjectHypothesisWithPose' failed
make[2]: *** [CMakeFiles/_vision_msgs_generate_messages_check_deps_ObjectHypothesisWithPose] Error 1
make[1]: *** [CMakeFiles/_vision_msgs_generate_messages_check_deps_ObjectHypothesisWithPose.dir/all] Error 2
make[1]: *** Waiting for unfinished jobs....
CMakeFiles/Makefile2:1445: recipe for target 'CMakeFiles/_vision_msgs_generate_messages_check_deps_ObjectHypothesisWithPose.dir/all' failed
Traceback (most recent call last):
  File "/opt/ros/melodic/share/genmsg/cmake/../../../lib/genmsg/genmsg_check_deps.py", line 41, in <module>
    from genmsg import EXT_MSG, EXT_SRV, MsgContext
ModuleNotFoundError: No module named 'genmsg'
CMakeFiles/_vision_msgs_generate_messages_check_deps_Detection2D.dir/build.make:57: recipe for target 'CMakeFiles/_vision_msgs_generate_messages_check_deps_Detection2D' failed
make[2]: *** [CMakeFiles/_vision_msgs_generate_messages_check_deps_Detection2D] Error 1
CMakeFiles/Makefile2:213: recipe for target 'CMakeFiles/_vision_msgs_generate_messages_check_deps_Detection2D.dir/all' failed
make[1]: *** [CMakeFiles/_vision_msgs_generate_messages_check_deps_Detection2D.dir/all] Error 2
Traceback (most recent call last):
  File "/opt/ros/melodic/share/genmsg/cmake/../../../lib/genmsg/genmsg_check_deps.py", line 41, in <module>
    from genmsg import EXT_MSG, EXT_SRV, MsgContext
ModuleNotFoundError: No module named 'genmsg'
CMakeFiles/_vision_msgs_generate_messages_check_deps_Detection3DArray.dir/build.make:57: recipe for target 'CMakeFiles/_vision_msgs_generate_messages_check_deps_Detection3DArray' failed
make[2]: *** [CMakeFiles/_vision_msgs_generate_messages_check_deps_Detection3DArray] Error 1
CMakeFiles/Makefile2:309: recipe for target 'CMakeFiles/_vision_msgs_generate_messages_check_deps_Detection3DArray.dir/all' failed
make[1]: *** [CMakeFiles/_vision_msgs_generate_messages_check_deps_Detection3DArray.dir/all] Error 2
Makefile:140: recipe for target 'all' failed
make: *** [all] Error 2
