Traceback (most recent call last):
  File "/opt/ros/melodic/share/genmsg/cmake/../../../lib/genmsg/genmsg_check_deps.py", line 41, in <module>
    from genmsg import EXT_MSG, EXT_SRV, MsgContext
ModuleNotFoundError: No module named 'genmsg'
make[2]: *** [CMakeFiles/_vision_msgs_generate_messages_check_deps_ObjectHypothesisWithPose] Error 1
make[1]: *** [CMakeFiles/_vision_msgs_generate_messages_check_deps_ObjectHypothesisWithPose.dir/all] Error 2
make[1]: *** Waiting for unfinished jobs....
Traceback (most recent call last):
  File "/opt/ros/melodic/share/genmsg/cmake/../../../lib/genmsg/genmsg_check_deps.py", line 41, in <module>
    from genmsg import EXT_MSG, EXT_SRV, MsgContext
ModuleNotFoundError: No module named 'genmsg'
make[2]: *** [CMakeFiles/_vision_msgs_generate_messages_check_deps_Detection2D] Error 1
make[1]: *** [CMakeFiles/_vision_msgs_generate_messages_check_deps_Detection2D.dir/all] Error 2
Traceback (most recent call last):
  File "/opt/ros/melodic/share/genmsg/cmake/../../../lib/genmsg/genmsg_check_deps.py", line 41, in <module>
    from genmsg import EXT_MSG, EXT_SRV, MsgContext
ModuleNotFoundError: No module named 'genmsg'
make[2]: *** [CMakeFiles/_vision_msgs_generate_messages_check_deps_Detection3DArray] Error 1
make[1]: *** [CMakeFiles/_vision_msgs_generate_messages_check_deps_Detection3DArray.dir/all] Error 2
make: *** [all] Error 2
